# JRE version: OpenJDK Runtime Environment Corretto-11.0.8.10.1 (11.0.8+10) (build 11.0.8+10-LTS)
# Java VM: OpenJDK 64-Bit Server VM Corretto-11.0.8.10.1 (11.0.8+10-LTS, mixed mode, tiered, compressed oops, g1 gc, windows-amd64)
Heap:
 garbage-first heap   total 129024K, used 20250K [0x0000000082000000, 0x0000000100000000)
  region size 1024K, 17 young (17408K), 4 survivors (4096K)
 Metaspace       used 24384K, capacity 25090K, committed 25136K, reserved 1071104K
  class space    used 2663K, capacity 2928K, committed 2944K, reserved 1048576K
GC Heap History (6 events):
Event: 1.214 GC heap before
{Heap before GC invocations=0 (full 0):
 garbage-first heap   total 129024K, used 13312K [0x0000000082000000, 0x0000000100000000)
  region size 1024K, 14 young (14336K), 0 survivors (0K)
 Metaspace       used 13101K, capacity 13421K, committed 13440K, reserved 1060864K
  class space    used 1285K, capacity 1390K, committed 1408K, reserved 1048576K
}
Event: 1.219 GC heap after
{Heap after GC invocations=1 (full 0):
 garbage-first heap   total 129024K, used 3662K [0x0000000082000000, 0x0000000100000000)
  region size 1024K, 2 young (2048K), 2 survivors (2048K)
 Metaspace       used 13101K, capacity 13421K, committed 13440K, reserved 1060864K
  class space    used 1285K, capacity 1390K, committed 1408K, reserved 1048576K
}
Event: 1.581 GC heap before
{Heap before GC invocations=1 (full 0):
 garbage-first heap   total 129024K, used 12878K [0x0000000082000000, 0x0000000100000000)
  region size 1024K, 11 young (11264K), 2 survivors (2048K)
 Metaspace       used 16548K, capacity 16987K, committed 17280K, reserved 1064960K
  class space    used 1661K, capacity 1837K, committed 1920K, reserved 1048576K
}
Event: 1.586 GC heap after
{Heap after GC invocations=2 (full 0):
 garbage-first heap   total 129024K, used 5094K [0x0000000082000000, 0x0000000100000000)
  region size 1024K, 2 young (2048K), 2 survivors (2048K)
 Metaspace       used 16548K, capacity 16987K, committed 17280K, reserved 1064960K
  class space    used 1661K, capacity 1837K, committed 1920K, reserved 1048576K
}
Event: 2.164 GC heap before
{Heap before GC invocations=2 (full 0):
 garbage-first heap   total 129024K, used 24550K [0x0000000082000000, 0x0000000100000000)
  region size 1024K, 22 young (22528K), 2 survivors (2048K)
 Metaspace       used 20657K, capacity 21093K, committed 21296K, reserved 1069056K
  class space    used 2173K, capacity 2327K, committed 2432K, reserved 1048576K
}
Event: 2.173 GC heap after
{Heap after GC invocations=3 (full 0):
 garbage-first heap   total 129024K, used 7962K [0x0000000082000000, 0x0000000100000000)
  region size 1024K, 4 young (4096K), 4 survivors (4096K)
 Metaspace       used 20657K, capacity 21093K, committed 21296K, reserved 1069056K
  class space    used 2173K, capacity 2327K, committed 2432K, reserved 1048576K
}

